# JRE version: OpenJDK Runtime Environment (15.0.1+9) (build 15.0.1+9-18)
# Java VM: OpenJDK 64-Bit Server VM (15.0.1+9-18, mixed mode, sharing, tiered, compressed oops, g1 gc, windows-amd64)
GC Precious Log:
 CPUs: 4 total, 4 available
 Memory: 12162M
 Large Page Support: Disabled
 NUMA Support: Disabled
 Compressed Oops: Enabled (Zero based)
 Heap Region Size: 2M
 Heap Min Capacity: 8M
 Heap Initial Capacity: 192M
 Heap Max Capacity: 3042M
 Pre-touch: Disabled
 Parallel Workers: 4
 Concurrent Workers: 1
 Concurrent Refinement Workers: 4
 Periodic GC: Disabled
Heap:
 garbage-first heap   total 55296K, used 22505K [0x0000000741e00000, 0x0000000800000000)
  region size 2048K, 10 young (20480K), 4 survivors (8192K)
 Metaspace       used 21147K, capacity 21398K, committed 21504K, reserved 1069056K
  class space    used 2443K, capacity 2517K, committed 2560K, reserved 1048576K
GC Heap History (8 events):
Event: 1.295 GC heap before
{Heap before GC invocations=0 (full 0):
 garbage-first heap   total 196608K, used 12288K [0x0000000741e00000, 0x0000000800000000)
  region size 2048K, 6 young (12288K), 0 survivors (0K)
 Metaspace       used 2933K, capacity 5430K, committed 5632K, reserved 1056768K
  class space    used 302K, capacity 509K, committed 512K, reserved 1048576K
}
Event: 1.301 GC heap after
{Heap after GC invocations=1 (full 0):
 garbage-first heap   total 196608K, used 4387K [0x0000000741e00000, 0x0000000800000000)
  region size 2048K, 1 young (2048K), 1 survivors (2048K)
 Metaspace       used 2933K, capacity 5430K, committed 5632K, reserved 1056768K
  class space    used 302K, capacity 509K, committed 512K, reserved 1048576K
}
Event: 2.044 GC heap before
{Heap before GC invocations=1 (full 0):
 garbage-first heap   total 196608K, used 12579K [0x0000000741e00000, 0x0000000800000000)
  region size 2048K, 5 young (10240K), 1 survivors (2048K)
 Metaspace       used 6164K, capacity 6518K, committed 6656K, reserved 1056768K
  class space    used 679K, capacity 753K, committed 768K, reserved 1048576K
}
Event: 2.049 GC heap after
{Heap after GC invocations=2 (full 0):
 garbage-first heap   total 196608K, used 5643K [0x0000000741e00000, 0x0000000800000000)
  region size 2048K, 1 young (2048K), 1 survivors (2048K)
 Metaspace       used 6164K, capacity 6518K, committed 6656K, reserved 1056768K
  class space    used 679K, capacity 753K, committed 768K, reserved 1048576K
}
Event: 3.762 GC heap before
{Heap before GC invocations=2 (full 0):
 garbage-first heap   total 196608K, used 34315K [0x0000000741e00000, 0x0000000800000000)
  region size 2048K, 15 young (30720K), 1 survivors (2048K)
 Metaspace       used 13703K, capacity 13921K, committed 14208K, reserved 1062912K
  class space    used 1494K, capacity 1562K, committed 1664K, reserved 1048576K
}
Event: 3.770 GC heap after
{Heap after GC invocations=3 (full 0):
 garbage-first heap   total 196608K, used 8504K [0x0000000741e00000, 0x0000000800000000)
  region size 2048K, 2 young (4096K), 2 survivors (4096K)
 Metaspace       used 13703K, capacity 13921K, committed 14208K, reserved 1062912K
  class space    used 1494K, capacity 1562K, committed 1664K, reserved 1048576K
}
Event: 21.836 GC heap before
{Heap before GC invocations=3 (full 0):
 garbage-first heap   total 196608K, used 69944K [0x0000000741e00000, 0x0000000800000000)
  region size 2048K, 33 young (67584K), 2 survivors (4096K)
 Metaspace       used 20957K, capacity 21142K, committed 21248K, reserved 1069056K
  class space    used 2432K, capacity 2517K, committed 2560K, reserved 1048576K
}
Event: 21.846 GC heap after
{Heap after GC invocations=4 (full 0):
 garbage-first heap   total 196608K, used 12265K [0x0000000741e00000, 0x0000000800000000)
  region size 2048K, 4 young (8192K), 4 survivors (8192K)
 Metaspace       used 20957K, capacity 21142K, committed 21248K, reserved 1069056K
  class space    used 2432K, capacity 2517K, committed 2560K, reserved 1048576K
}

