# JRE version: Java(TM) SE Runtime Environment 18.9 (11.0.10+8) (build 11.0.10+8-LTS-162)
# Java VM: Java HotSpot(TM) 64-Bit Server VM 18.9 (11.0.10+8-LTS-162, mixed mode, tiered, compressed oops, g1 gc, windows-amd64)
Heap:
 garbage-first heap   total 129024K, used 19854K [0x0000000082000000, 0x0000000100000000)
  region size 1024K, 15 young (15360K), 3 survivors (3072K)
 Metaspace       used 19559K, capacity 19966K, committed 20096K, reserved 1069056K
  class space    used 2012K, capacity 2171K, committed 2176K, reserved 1048576K
GC Heap History (6 events):
Event: 1.514 GC heap before
{Heap before GC invocations=0 (full 0):
 garbage-first heap   total 129024K, used 13312K [0x0000000082000000, 0x0000000100000000)
  region size 1024K, 14 young (14336K), 0 survivors (0K)
 Metaspace       used 10340K, capacity 10571K, committed 10880K, reserved 1058816K
  class space    used 980K, capacity 1056K, committed 1152K, reserved 1048576K
}
Event: 1.522 GC heap after
{Heap after GC invocations=1 (full 0):
 garbage-first heap   total 129024K, used 5016K [0x0000000082000000, 0x0000000100000000)
  region size 1024K, 2 young (2048K), 2 survivors (2048K)
 Metaspace       used 10340K, capacity 10571K, committed 10880K, reserved 1058816K
  class space    used 980K, capacity 1056K, committed 1152K, reserved 1048576K
}
Event: 2.347 GC heap before
{Heap before GC invocations=1 (full 0):
 garbage-first heap   total 129024K, used 11160K [0x0000000082000000, 0x0000000100000000)
  region size 1024K, 8 young (8192K), 2 survivors (2048K)
 Metaspace       used 12011K, capacity 12250K, committed 12544K, reserved 1060864K
  class space    used 1182K, capacity 1235K, committed 1280K, reserved 1048576K
}
Event: 2.351 GC heap after
{Heap after GC invocations=2 (full 0):
 garbage-first heap   total 129024K, used 5718K [0x0000000082000000, 0x0000000100000000)
  region size 1024K, 1 young (1024K), 1 survivors (1024K)
 Metaspace       used 12011K, capacity 12250K, committed 12544K, reserved 1060864K
  class space    used 1182K, capacity 1235K, committed 1280K, reserved 1048576K
}
Event: 4.020 GC heap before
{Heap before GC invocations=2 (full 0):
 garbage-first heap   total 129024K, used 29270K [0x0000000082000000, 0x0000000100000000)
  region size 1024K, 24 young (24576K), 1 survivors (1024K)
 Metaspace       used 18532K, capacity 19001K, committed 19328K, reserved 1067008K
  class space    used 1906K, capacity 2081K, committed 2176K, reserved 1048576K
}
Event: 4.027 GC heap after
{Heap after GC invocations=3 (full 0):
 garbage-first heap   total 129024K, used 8590K [0x0000000082000000, 0x0000000100000000)
  region size 1024K, 3 young (3072K), 3 survivors (3072K)
 Metaspace       used 18532K, capacity 19001K, committed 19328K, reserved 1067008K
  class space    used 1906K, capacity 2081K, committed 2176K, reserved 1048576K
}

