# JRE version: Java(TM) SE Runtime Environment 18.9 (11.0.10+8) (build 11.0.10+8-LTS-162)
# Java VM: Java HotSpot(TM) 64-Bit Server VM 18.9 (11.0.10+8-LTS-162, mixed mode, tiered, compressed oops, g1 gc, windows-amd64)
Heap:
 garbage-first heap   total 129024K, used 32471K [0x0000000082000000, 0x0000000100000000)
  region size 1024K, 28 young (28672K), 4 survivors (4096K)
 Metaspace       used 26991K, capacity 27666K, committed 27900K, reserved 1073152K
  class space    used 2999K, capacity 3253K, committed 3328K, reserved 1048576K
GC Heap History (8 events):
Event: 2.087 GC heap before
{Heap before GC invocations=0 (full 0):
 garbage-first heap   total 129024K, used 13312K [0x0000000082000000, 0x0000000100000000)
  region size 1024K, 14 young (14336K), 0 survivors (0K)
 Metaspace       used 12666K, capacity 12926K, committed 13184K, reserved 1060864K
  class space    used 1243K, capacity 1332K, committed 1408K, reserved 1048576K
}
Event: 2.094 GC heap after
{Heap after GC invocations=1 (full 0):
 garbage-first heap   total 129024K, used 3965K [0x0000000082000000, 0x0000000100000000)
  region size 1024K, 2 young (2048K), 2 survivors (2048K)
 Metaspace       used 12666K, capacity 12926K, committed 13184K, reserved 1060864K
  class space    used 1243K, capacity 1332K, committed 1408K, reserved 1048576K
}
Event: 2.415 GC heap before
{Heap before GC invocations=1 (full 0):
 garbage-first heap   total 129024K, used 9085K [0x0000000082000000, 0x0000000100000000)
  region size 1024K, 7 young (7168K), 2 survivors (2048K)
 Metaspace       used 14307K, capacity 14650K, committed 14976K, reserved 1062912K
  class space    used 1430K, capacity 1569K, committed 1664K, reserved 1048576K
}
Event: 2.423 GC heap after
{Heap after GC invocations=2 (full 0):
 garbage-first heap   total 129024K, used 4331K [0x0000000082000000, 0x0000000100000000)
  region size 1024K, 1 young (1024K), 1 survivors (1024K)
 Metaspace       used 14307K, capacity 14650K, committed 14976K, reserved 1062912K
  class space    used 1430K, capacity 1569K, committed 1664K, reserved 1048576K
}
Event: 3.577 GC heap before
{Heap before GC invocations=2 (full 0):
 garbage-first heap   total 129024K, used 27883K [0x0000000082000000, 0x0000000100000000)
  region size 1024K, 24 young (24576K), 1 survivors (1024K)
 Metaspace       used 19069K, capacity 19482K, committed 19584K, reserved 1067008K
  class space    used 1932K, capacity 2092K, committed 2176K, reserved 1048576K
}
Event: 3.585 GC heap after
{Heap after GC invocations=3 (full 0):
 garbage-first heap   total 129024K, used 8138K [0x0000000082000000, 0x0000000100000000)
  region size 1024K, 3 young (3072K), 3 survivors (3072K)
 Metaspace       used 19069K, capacity 19482K, committed 19584K, reserved 1067008K
  class space    used 1932K, capacity 2092K, committed 2176K, reserved 1048576K
}
Event: 4.369 GC heap before
{Heap before GC invocations=3 (full 0):
 garbage-first heap   total 129024K, used 13258K [0x0000000082000000, 0x0000000100000000)
  region size 1024K, 9 young (9216K), 3 survivors (3072K)
 Metaspace       used 20855K, capacity 21240K, committed 21248K, reserved 1069056K
  class space    used 2151K, capacity 2297K, committed 2304K, reserved 1048576K
}
Event: 4.376 GC heap after
{Heap after GC invocations=4 (full 0):
 garbage-first heap   total 129024K, used 8919K [0x0000000082000000, 0x0000000100000000)
  region size 1024K, 4 young (4096K), 4 survivors (4096K)
 Metaspace       used 20855K, capacity 21240K, committed 21248K, reserved 1069056K
  class space    used 2151K, capacity 2297K, committed 2304K, reserved 1048576K
}

